生成启动时间为 2025/10/23 15:13:19。
     1>项目“C:\Users\28726\Desktop\C语言\heart\heart\heart.vcxproj”在节点 2 上(build 个目标)。
     1>InitializeBuildStatus:
         正在对“Debug\heart.unsuccessfulbuild”执行 Touch 任务。
       ClCompile:
         D:\C\VC\bin\CL.exe /c /ZI /nologo /W3 /WX- /Od /Oy- /D WIN32 /D _DEBUG /D _CONSOLE /D _UNICODE /D UNICODE /Gm /EHsc /RTC1 /MDd /GS /fp:precise /Zc:wchar_t /Zc:forScope /Fo"Debug\\" /Fd"Debug\vc100.pdb" /Gd /TC /analyze- /errorReport:prompt heart.c
         heart.c
       ManifestResourceCompile:
         所有输出均为最新。
       Link:
         D:\C\VC\bin\link.exe /ERRORREPORT:PROMPT /OUT:"C:\Users\28726\Desktop\C语言\heart\Debug\heart.exe" /INCREMENTAL /NOLOGO kernel32.lib user32.lib gdi32.lib winspool.lib comdlg32.lib advapi32.lib shell32.lib ole32.lib oleaut32.lib uuid.lib odbc32.lib odbccp32.lib /MANIFEST /ManifestFile:"Debug\heart.exe.intermediate.manifest" /MANIFESTUAC:"level='asInvoker' uiAccess='false'" /DEBUG /PDB:"C:\Users\28726\Desktop\C语言\heart\Debug\heart.pdb" /SUBSYSTEM:CONSOLE /TLBID:1 /DYNAMICBASE /NXCOMPAT /IMPLIB:"C:\Users\28726\Desktop\C语言\heart\Debug\heart.lib" /MACHINE:X86 Debug\heart.exe.embed.manifest.res
         Debug\heart.obj
       Manifest:
         C:\Program Files (x86)\Microsoft SDKs\Windows\v7.0A\bin\mt.exe /nologo /verbose /out:"Debug\heart.exe.embed.manifest" /manifest Debug\heart.exe.intermediate.manifest
         所有输出均为最新。
       LinkEmbedManifest:
         所有输出均为最新。
         heart.vcxproj -> C:\Users\28726\Desktop\C语言\heart\Debug\heart.exe
       FinalizeBuildStatus:
         正在删除文件“Debug\heart.unsuccessfulbuild”。
         正在对“Debug\heart.lastbuildstate”执行 Touch 任务。
     1>已完成生成项目“C:\Users\28726\Desktop\C语言\heart\heart\heart.vcxproj”(build 个目标)的操作。

生成成功。

已用时间 00:00:00.38
