生成启动时间为 2025/12/15 14:01:56。
     1>项目“D:\大学\C语言\practice5_7\practice5_7\practice5_7.vcxproj”在节点 2 上(build 个目标)。
     1>InitializeBuildStatus:
         正在对“Debug\practice5_7.unsuccessfulbuild”执行 Touch 任务。
       ClCompile:
         D:\C\VC\bin\CL.exe /c /ZI /nologo /W3 /WX- /Od /Oy- /D WIN32 /D _DEBUG /D _CONSOLE /D _UNICODE /D UNICODE /Gm /EHsc /RTC1 /MDd /GS /fp:precise /Zc:wchar_t /Zc:forScope /Fo"Debug\\" /Fd"Debug\vc100.pdb" /Gd /TC /analyze- /errorReport:prompt practice5_7.c
         practice5_7.c
     1>d:\大学\c语言\practice5_7\practice5_7\practice5_7.c(5): warning C4101: “j”: 未引用的局部变量
       ManifestResourceCompile:
         所有输出均为最新。
       Link:
         D:\C\VC\bin\link.exe /ERRORREPORT:PROMPT /OUT:"D:\大学\C语言\practice5_7\Debug\practice5_7.exe" /INCREMENTAL /NOLOGO kernel32.lib user32.lib gdi32.lib winspool.lib comdlg32.lib advapi32.lib shell32.lib ole32.lib oleaut32.lib uuid.lib odbc32.lib odbccp32.lib /MANIFEST /ManifestFile:"Debug\practice5_7.exe.intermediate.manifest" /MANIFESTUAC:"level='asInvoker' uiAccess='false'" /DEBUG /PDB:"D:\大学\C语言\practice5_7\Debug\practice5_7.pdb" /SUBSYSTEM:CONSOLE /TLBID:1 /DYNAMICBASE /NXCOMPAT /IMPLIB:"D:\大学\C语言\practice5_7\Debug\practice5_7.lib" /MACHINE:X86 Debug\practice5_7.exe.embed.manifest.res
         Debug\practice5_7.obj
       Manifest:
         C:\Program Files (x86)\Microsoft SDKs\Windows\v7.0A\bin\mt.exe /nologo /verbose /out:"Debug\practice5_7.exe.embed.manifest" /manifest Debug\practice5_7.exe.intermediate.manifest
         所有输出均为最新。
       LinkEmbedManifest:
         所有输出均为最新。
         practice5_7.vcxproj -> D:\大学\C语言\practice5_7\Debug\practice5_7.exe
       FinalizeBuildStatus:
         正在删除文件“Debug\practice5_7.unsuccessfulbuild”。
         正在对“Debug\practice5_7.lastbuildstate”执行 Touch 任务。
     1>已完成生成项目“D:\大学\C语言\practice5_7\practice5_7\practice5_7.vcxproj”(build 个目标)的操作。

生成成功。

已用时间 00:00:00.38
