生成启动时间为 2025/12/16 23:02:38。
     1>项目“D:\大学\C语言\experience7_1\experience7_1\experience7_1.vcxproj”在节点 2 上(build 个目标)。
     1>InitializeBuildStatus:
         正在对“Debug\experience7_1.unsuccessfulbuild”执行 Touch 任务。
       ClCompile:
         D:\C\VC\bin\CL.exe /c /ZI /nologo /W3 /WX- /Od /Oy- /D WIN32 /D _DEBUG /D _CONSOLE /D _UNICODE /D UNICODE /Gm /EHsc /RTC1 /MDd /GS /fp:precise /Zc:wchar_t /Zc:forScope /Fo"Debug\\" /Fd"Debug\vc100.pdb" /Gd /TC /analyze- /errorReport:prompt htod.c
         htod.c
       ManifestResourceCompile:
         所有输出均为最新。
       Link:
         D:\C\VC\bin\link.exe /ERRORREPORT:PROMPT /OUT:"D:\大学\C语言\experience7_1\Debug\experience7_1.exe" /INCREMENTAL /NOLOGO kernel32.lib user32.lib gdi32.lib winspool.lib comdlg32.lib advapi32.lib shell32.lib ole32.lib oleaut32.lib uuid.lib odbc32.lib odbccp32.lib /MANIFEST /ManifestFile:"Debug\experience7_1.exe.intermediate.manifest" /MANIFESTUAC:"level='asInvoker' uiAccess='false'" /DEBUG /PDB:"D:\大学\C语言\experience7_1\Debug\experience7_1.pdb" /SUBSYSTEM:CONSOLE /TLBID:1 /DYNAMICBASE /NXCOMPAT /IMPLIB:"D:\大学\C语言\experience7_1\Debug\experience7_1.lib" /MACHINE:X86 Debug\experience7_1.exe.embed.manifest.res
         Debug\htod.obj
       Manifest:
         C:\Program Files (x86)\Microsoft SDKs\Windows\v7.0A\bin\mt.exe /nologo /verbose /out:"Debug\experience7_1.exe.embed.manifest" /manifest Debug\experience7_1.exe.intermediate.manifest
         C:\Program Files (x86)\Microsoft SDKs\Windows\v7.0A\bin\rc.exe /nologo /fo"Debug\experience7_1.exe.embed.manifest.res" Debug\experience7_1_manifest.rc 
       LinkEmbedManifest:
         D:\C\VC\bin\link.exe /ERRORREPORT:PROMPT /OUT:"D:\大学\C语言\experience7_1\Debug\experience7_1.exe" /INCREMENTAL /NOLOGO kernel32.lib user32.lib gdi32.lib winspool.lib comdlg32.lib advapi32.lib shell32.lib ole32.lib oleaut32.lib uuid.lib odbc32.lib odbccp32.lib /MANIFEST /ManifestFile:"Debug\experience7_1.exe.intermediate.manifest" /MANIFESTUAC:"level='asInvoker' uiAccess='false'" /DEBUG /PDB:"D:\大学\C语言\experience7_1\Debug\experience7_1.pdb" /SUBSYSTEM:CONSOLE /TLBID:1 /DYNAMICBASE /NXCOMPAT /IMPLIB:"D:\大学\C语言\experience7_1\Debug\experience7_1.lib" /MACHINE:X86 Debug\experience7_1.exe.embed.manifest.res
         Debug\htod.obj
         experience7_1.vcxproj -> D:\大学\C语言\experience7_1\Debug\experience7_1.exe
       FinalizeBuildStatus:
         正在删除文件“Debug\experience7_1.unsuccessfulbuild”。
         正在对“Debug\experience7_1.lastbuildstate”执行 Touch 任务。
     1>已完成生成项目“D:\大学\C语言\experience7_1\experience7_1\experience7_1.vcxproj”(build 个目标)的操作。

生成成功。

已用时间 00:00:00.71
